<?xml version="1.0" encoding="UTF-8"?>
<!-- Generated by org.testng.reporters.JUnitReportReporter -->
<testsuite hostname="DESKTOP-7L35PVJ" failures="0" tests="1" name="com.testcases.BasicHTMLFormTestcase" time="8.204" errors="0" timestamp="2021-05-28T13:29:54 CDT" skipped="0">
  <testcase classname="com.testcases.BasicHTMLFormTestcase" name="basicHTMLFormTestcase" time="8.204"/>
  <system-out/>
</testsuite> <!-- com.testcases.BasicHTMLFormTestcase -->
