<?xml version="1.0" encoding="UTF-8"?>
<!-- Generated by org.testng.reporters.JUnitReportReporter -->
<testsuite hostname="DESKTOP-7L35PVJ" failures="0" tests="1" name="com.testcases.TestCode" time="4.414" errors="0" timestamp="2021-05-23T15:27:40 CDT" skipped="0">
  <testcase classname="com.testcases.TestCode" name="test" time="4.414"/>
  <system-out/>
</testsuite> <!-- com.testcases.TestCode -->
